<?xml version="1.0" encoding="UTF-8" ?>
<testsuite failures="0" time="0.011" errors="0" skipped="0" tests="1" name="org.apache.camel.processor.interceptor.morphia.AppTest">
  <properties>
    <property name="java.runtime.name" value="Java(TM) SE Runtime Environment"/>
    <property name="sun.boot.library.path" value="C:\Users\tneuboeck\_home\dev\java\jdk1.6.0_11\jre\bin"/>
    <property name="java.vm.version" value="11.0-b16"/>
    <property name="java.vm.vendor" value="Sun Microsystems Inc."/>
    <property name="java.vendor.url" value="http://java.sun.com/"/>
    <property name="path.separator" value=";"/>
    <property name="java.vm.name" value="Java HotSpot(TM) Client VM"/>
    <property name="file.encoding.pkg" value="sun.io"/>
    <property name="user.country" value="AT"/>
    <property name="sun.java.launcher" value="SUN_STANDARD"/>
    <property name="sun.os.patch.level" value=""/>
    <property name="java.vm.specification.name" value="Java Virtual Machine Specification"/>
    <property name="user.dir" value="C:\Users\tneuboeck\workspace\MorphiaCamelTracer"/>
    <property name="java.runtime.version" value="1.6.0_11-b03"/>
    <property name="java.awt.graphicsenv" value="sun.awt.Win32GraphicsEnvironment"/>
    <property name="basedir" value="C:\Users\tneuboeck\workspace\MorphiaCamelTracer"/>
    <property name="java.endorsed.dirs" value="C:\Users\tneuboeck\_home\dev\java\jdk1.6.0_11\jre\lib\endorsed"/>
    <property name="os.arch" value="x86"/>
    <property name="surefire.real.class.path" value="C:\Users\tneuboeck\workspace\MorphiaCamelTracer\target\surefire\surefirebooter2309748482501857040.jar"/>
    <property name="java.io.tmpdir" value="c:\temp\"/>
    <property name="line.separator" value="
"/>
    <property name="java.vm.specification.vendor" value="Sun Microsystems Inc."/>
    <property name="user.variant" value=""/>
    <property name="os.name" value="Windows Vista"/>
    <property name="sun.jnu.encoding" value="Cp1252"/>
    <property name="java.library.path" value="C:\Users\tneuboeck\_home\dev\java\jdk1.6.0_11\jre\bin;.;C:\Windows\Sun\Java\bin;C:\Windows\system32;C:\Windows;C:\Program Files (x86)\CollabNet\Subversion Client;C:\Program Files (x86)\MiKTeX 2.8\miktex\bin;C:\Program Files (x86)\PC Connectivity Solution\;C:\Windows\system32;C:\Windows;C:\Windows\System32\Wbem;C:\Windows\System32\WindowsPowerShell\v1.0\;C:\Program Files (x86)\Common Files\Roxio Shared\DLLShared\;C:\Program Files (x86)\Enterprise Vault\EVClient\;C:\Program Files (x86)\Microsoft SQL Server\100\Tools\Binn\;C:\Program Files\Microsoft SQL Server\100\Tools\Binn\;C:\Program Files\Microsoft SQL Server\100\DTS\Binn\;C:\Program Files (x86)\Microsoft SQL Server\100\Tools\Binn\VSShell\Common7\IDE\;C:\Program Files (x86)\Microsoft SQL Server\100\DTS\Binn\;C:\Program Files (x86)\Microsoft Visual Studio 9.0\Common7\IDE\PrivateAssemblies\;C:\Program Files\TortoiseSVN\bin;C:\Program Files\MySQL\MySQL Server 5.1\bin;C:\Program Files (x86)\Infor PM\OLAP\bin\;C:\Program Files\Infor PM\OLAP\bin64\;C:\Program Files (x86)\Infor PM\Repository\bin\;C:\PROGRA~2\COMMON~1\Infor\PM\DATASO~1;C:\Program Files\Intel\WiFi\bin\;C:\Program Files\Common Files\Intel\WirelessCommon\;C:\Program Files (x86)\IDM Computer Solutions\UltraEdit\;C:\Users\tneuboeck\_home\dev\apache\apache-ant-1.8.2\bin;C:\Users\tneuboeck\_home\dev\apache\apache-maven-3.0.2\bin;C:\Users\tneuboeck\_home\dev\java\jdk1.6.0_11\bin"/>
    <property name="surefire.test.class.path" value="C:\Users\tneuboeck\workspace\MorphiaCamelTracer\target\test-classes;C:\Users\tneuboeck\workspace\MorphiaCamelTracer\target\classes;C:\Users\tneuboeck\.m2\repository\junit\junit\3.8.1\junit-3.8.1.jar;C:\Users\tneuboeck\.m2\repository\org\apache\camel\camel-core\2.6.0\camel-core-2.6.0.jar;C:\Users\tneuboeck\.m2\repository\commons-logging\commons-logging-api\1.1\commons-logging-api-1.1.jar;C:\Users\tneuboeck\.m2\repository\org\fusesource\commonman\commons-management\1.0\commons-management-1.0.jar;C:\Users\tneuboeck\_home\dev\java\jdk1.6.0_11\jre\..\lib\tools.jar;C:\Users\tneuboeck\.m2\repository\com\mongodb\Mongo\mongo\2.6\mongo-2.6.jar;C:\Users\tneuboeck\.m2\repository\com\google\code\morphia\morphia\0.99\morphia-0.99.jar;"/>
    <property name="java.specification.name" value="Java Platform API Specification"/>
    <property name="java.class.version" value="50.0"/>
    <property name="sun.management.compiler" value="HotSpot Client Compiler"/>
    <property name="os.version" value="6.1"/>
    <property name="user.home" value="C:\Users\tneuboeck"/>
    <property name="user.timezone" value=""/>
    <property name="java.awt.printerjob" value="sun.awt.windows.WPrinterJob"/>
    <property name="java.specification.version" value="1.6"/>
    <property name="file.encoding" value="Cp1252"/>
    <property name="user.name" value="tneuboeck"/>
    <property name="java.class.path" value="C:\Users\tneuboeck\workspace\MorphiaCamelTracer\target\test-classes;C:\Users\tneuboeck\workspace\MorphiaCamelTracer\target\classes;C:\Users\tneuboeck\.m2\repository\junit\junit\3.8.1\junit-3.8.1.jar;C:\Users\tneuboeck\.m2\repository\org\apache\camel\camel-core\2.6.0\camel-core-2.6.0.jar;C:\Users\tneuboeck\.m2\repository\commons-logging\commons-logging-api\1.1\commons-logging-api-1.1.jar;C:\Users\tneuboeck\.m2\repository\org\fusesource\commonman\commons-management\1.0\commons-management-1.0.jar;C:\Users\tneuboeck\_home\dev\java\jdk1.6.0_11\jre\..\lib\tools.jar;C:\Users\tneuboeck\.m2\repository\com\mongodb\Mongo\mongo\2.6\mongo-2.6.jar;C:\Users\tneuboeck\.m2\repository\com\google\code\morphia\morphia\0.99\morphia-0.99.jar;"/>
    <property name="java.vm.specification.version" value="1.0"/>
    <property name="sun.arch.data.model" value="32"/>
    <property name="java.home" value="C:\Users\tneuboeck\_home\dev\java\jdk1.6.0_11\jre"/>
    <property name="java.specification.vendor" value="Sun Microsystems Inc."/>
    <property name="user.language" value="de"/>
    <property name="awt.toolkit" value="sun.awt.windows.WToolkit"/>
    <property name="java.vm.info" value="mixed mode, sharing"/>
    <property name="java.version" value="1.6.0_11"/>
    <property name="java.ext.dirs" value="C:\Users\tneuboeck\_home\dev\java\jdk1.6.0_11\jre\lib\ext;C:\Windows\Sun\Java\lib\ext"/>
    <property name="sun.boot.class.path" value="C:\Users\tneuboeck\_home\dev\java\jdk1.6.0_11\jre\lib\resources.jar;C:\Users\tneuboeck\_home\dev\java\jdk1.6.0_11\jre\lib\rt.jar;C:\Users\tneuboeck\_home\dev\java\jdk1.6.0_11\jre\lib\sunrsasign.jar;C:\Users\tneuboeck\_home\dev\java\jdk1.6.0_11\jre\lib\jsse.jar;C:\Users\tneuboeck\_home\dev\java\jdk1.6.0_11\jre\lib\jce.jar;C:\Users\tneuboeck\_home\dev\java\jdk1.6.0_11\jre\lib\charsets.jar;C:\Users\tneuboeck\_home\dev\java\jdk1.6.0_11\jre\classes"/>
    <property name="java.vendor" value="Sun Microsystems Inc."/>
    <property name="localRepository" value="C:\Users\tneuboeck\.m2\repository"/>
    <property name="file.separator" value="\"/>
    <property name="java.vendor.url.bug" value="http://java.sun.com/cgi-bin/bugreport.cgi"/>
    <property name="sun.cpu.endian" value="little"/>
    <property name="sun.io.unicode.encoding" value="UnicodeLittle"/>
    <property name="sun.desktop" value="windows"/>
    <property name="sun.cpu.isalist" value="pentium_pro+mmx pentium_pro pentium+mmx pentium i486 i386 i86"/>
  </properties>
  <testcase time="0.001" classname="org.apache.camel.processor.interceptor.morphia.AppTest" name="testApp"/>
</testsuite>